<?xml version="1.0" encoding="UTF-8"?>
<!-- Generated by org.testng.reporters.JUnitXMLReporter -->
<testsuite ignored="0" hostname="AhmadOdeh" failures="0" tests="3" name="Default test" time="26.508" errors="0" timestamp="30 Sep 2018 18:06:31 GMT">
  <testcase classname="dataConf.TestSetUp" name="GettData" time="0.013"/>
  <testcase classname="dataConf.TestSetUp" name="StartChromeBrowser" time="15.557"/>
  <testcase classname="dataConf.TestSetUp" name="StartIEBrowser" time="10.895"/>
</testsuite> <!-- Default test -->
